<?xml version="1.0" encoding="UTF-8"?>
<!-- Generated by org.testng.reporters.JUnitXMLReporter -->
<testsuite ignored="0" hostname="Asus" failures="0" tests="6" name="DataProviders" time="0.076" errors="0" timestamp="2023-10-06T18:23:56 NPT">
  <testcase classname="DataProviders.LearnDataprovider" name="loginuser" time="0.011"/>
  <testcase classname="DataProviders.LearnDataprovider" name="loginuser" time="0.001"/>
  <testcase classname="DataProviders.LearnDataprovider" name="loginuser" time="0.001"/>
  <testcase classname="DataProviders.LearnDataprovider" name="registeruser" time="0.008"/>
  <testcase classname="DataProviders.LearnDataprovider" name="registeruser" time="0.002"/>
  <testcase classname="DataProviders.LearnDataprovider" name="registeruser" time="0.001"/>
</testsuite> <!-- DataProviders -->
