<?xml version="1.0" encoding="UTF-8"?>
<!-- Generated by org.testng.reporters.JUnitXMLReporter -->
<testsuite ignored="1" hostname="Asus" failures="0" tests="2" name="LearningGrouping" time="0.051" errors="0" timestamp="2023-10-06T18:43:14 NPT">
  <testcase classname="GroupingTestng.LearningGrouping" name="feature2" time="0.012"/>
  <testcase classname="GroupingTestng.LearningGrouping" name="feature3" time="0.001"/>
  <testcase classname="GroupingTestng.LearningGrouping" name="feature1" time="0.0">
    <ignored/>
  </testcase> <!-- feature1 -->
</testsuite> <!-- LearningGrouping -->
