<?xml version="1.0" encoding="UTF-8"?>
<!-- Generated by org.testng.reporters.JUnitXMLReporter -->
<testsuite ignored="0" hostname="Asus" failures="1" tests="1" name="PracticeTestNG" time="0.045" errors="0" timestamp="2023-10-05T23:50:19 NPT">
  <testcase classname="TestngParameters.testngparam" name="login" time="0.008">
    <failure type="java.lang.Error" message="Unresolved compilation problem: 
	email cannot be resolved to a variable
">
      <![CDATA[java.lang.Error: Unresolved compilation problem: 
email cannot be resolved to a variable

at TestngParameters.testngparam.login(testngparam.java:11)
at java.base/java.util.ArrayList.forEach(ArrayList.java:1511)
... Removed 25 stack frames]]>
    </failure>
  </testcase> <!-- login -->
</testsuite> <!-- PracticeTestNG -->
