<?xml version="1.0" encoding="UTF-8"?>
<testng-results ignored="1" total="3" passed="2" failed="0" skipped="0">
  <reporter-output>
  </reporter-output>
  <suite started-at="2023-10-06T18:43:14 NPT" name="GroupingTestNG" finished-at="2023-10-06T18:43:14 NPT" duration-ms="51">
    <groups>
      <group name="performance">
        <method signature="LearningGrouping.feature3()[pri:0, instance:GroupingTestng.LearningGrouping@5e316c74]" name="feature3" class="GroupingTestng.LearningGrouping"/>
      </group> <!-- performance -->
      <group name="regression">
        <method signature="LearningGrouping.feature2()[pri:0, instance:GroupingTestng.LearningGrouping@5e316c74]" name="feature2" class="GroupingTestng.LearningGrouping"/>
        <method signature="LearningGrouping.feature3()[pri:0, instance:GroupingTestng.LearningGrouping@5e316c74]" name="feature3" class="GroupingTestng.LearningGrouping"/>
      </group> <!-- regression -->
    </groups>
    <test started-at="2023-10-06T18:43:14 NPT" name="LearningGrouping" finished-at="2023-10-06T18:43:14 NPT" duration-ms="51">
      <class name="GroupingTestng.LearningGrouping">
        <test-method signature="feature2()[pri:0, instance:GroupingTestng.LearningGrouping@5e316c74]" started-at="2023-10-06T18:43:14 NPT" name="feature2" finished-at="2023-10-06T18:43:14 NPT" duration-ms="12" status="PASS">
          <reporter-output>
          </reporter-output>
        </test-method> <!-- feature2 -->
        <test-method signature="feature3()[pri:0, instance:GroupingTestng.LearningGrouping@5e316c74]" started-at="2023-10-06T18:43:14 NPT" name="feature3" finished-at="2023-10-06T18:43:14 NPT" duration-ms="1" status="PASS">
          <reporter-output>
          </reporter-output>
        </test-method> <!-- feature3 -->
      </class> <!-- GroupingTestng.LearningGrouping -->
    </test> <!-- LearningGrouping -->
  </suite> <!-- GroupingTestNG -->
</testng-results>
